[getzeus.app/index.html]
[backblue.gif]
[fade.gif]
[index.html]
[getzeus.app/css/normalize.css]
[arc.io/widget.min.js]
[getzeus.app/css/base.css]
[pagead2.googlesyndication.com/pagead/js/f.txt]
[getzeus.app/css/zeus4f47.css]
[getzeus.app/apple-icon-57x57.png]
[getzeus.app/apple-icon-60x60.png]
[getzeus.app/apple-icon-72x72.png]
[getzeus.app/apple-icon-76x76.png]
[getzeus.app/apple-icon-114x114.png]
[getzeus.app/apple-icon-120x120.png]
[getzeus.app/apple-icon-144x144.png]
[getzeus.app/apple-icon-152x152.png]
[getzeus.app/apple-icon-180x180.png]
[getzeus.app/android-icon-192x192.png]
[getzeus.app/favicon-32x32.png]
[getzeus.app/favicon-96x96.png]
[getzeus.app/favicon-16x16.png]
[getzeus.app/manifest.json]
[code.jquery.com/jquery-3.6.0.min.js]
[unpkg.com/ionicons@5.4.0/dist/ionicons.js]
[getzeus.app/index-2.html]
[getzeus.app/about.html]
[getzeus.app/library.html]
[getzeus.app/images/twitter-icon.svg]
[getzeus.app/images/discord-icon.svg]
[getzeus.app/images/Menu.svg]
[getzeus.app/images/Close.svg]
[getzeus.app/install.html]
[getzeus.app/images/shape-back.svg]
[getzeus.app/images/shape-front.svg]
[d3e54v103j8qbb.cloudfront.net/js/jquery-3.5.1.min.dc5e7f18c83a17.js]
[getzeus.app/index.html]
[getzeus.app/css/normalize.css]
[getzeus.app/css/base.css]
[getzeus.app/js/webflow.js]
[uploads-ssl.webflow.com/606e631a8e07f8fa8b438b52/6070b3f1a3dddf7c9bdb86de_zeus-iphone-hero-large.jpg]
[uploads-ssl.webflow.com/606e631a8e07f8fa8b438b52/6074e9d31b72b639913f9c10_iphone12_1@2x.png]
[uploads-ssl.webflow.com/606e631a8e07f8fa8b438b52/607253e5e5f2ce6933e82415_zeus-iphone-hero-small.png]
[getzeus.app/css/zeus4f47.css]
[getzeus.app/index-2.html]
[getzeus.app/app/static/icons/zeus.png]
[getzeus.app/about.html]
[getzeus.app/library.html]
[getzeus.app/images/twitter-icon.svg]
[getzeus.app/images/discord-icon.svg]
[getzeus.app/images/Menu.svg]
[getzeus.app/images/Close.svg]
[getzeus.app/appdata.json]
[getzeus.app/zeus.mobileconfig/zeus.mobileconfig]
[getzeus.app/install.html]
[getzeus.app/images/shape-back.svg]
[getzeus.app/images/shape-front.svg]
